Arguments: 
  D:\Programs\nvm\program\node.exe D:\Programs\Yarn\bin\yarn.js init

PATH: 
  C:\Program Files (x86)\Intel\Intel(R) Management Engine Components\iCLS\;C:\Program Files\Intel\Intel(R) Management Engine Components\iCLS\;C:\Windows\system32;C:\Windows;C:\Windows\System32\Wbem;C:\Windows\System32\WindowsPowerShell\v1.0\;C:\Windows\System32\OpenSSH\;C:\Program Files\NVIDIA Corporation\NVIDIA NvDLISR;C:\Program Files (x86)\NVIDIA Corporation\PhysX\Common;C:\Program Files (x86)\Intel\Intel(R) Management Engine Components\DAL;C:\Program Files\Intel\Intel(R) Management Engine Components\DAL;C:\Program Files (x86)\Intel\Intel(R) Management Engine Components\IPT;C:\Program Files\Intel\Intel(R) Management Engine Components\IPT;D:\Programs\nvm\config;D:\Programs\nvm\program;D:\Programs\Yarn\bin\;D:\Work\OSPanel\modules\git\bin;D:\Work\OSPanel\modules\php\PHP_7.3-x64;D:\Programs\cygwin64\bin;D:\work\ospanel\userdata\composer;D:\work\ospanel\userdata\composer\vendor\bin;C:\Program Files (x86)\Intel\Intel(R) Management Engine Components\iCLS\;C:\Program Files\Intel\Intel(R) Management Engine Components\iCLS\;C:\Windows\system32;C:\Windows;C:\Windows\System32\Wbem;C:\Windows\System32\WindowsPowerShell\v1.0\;C:\Windows\System32\OpenSSH\;C:\Program Files\NVIDIA Corporation\NVIDIA NvDLISR;C:\Program Files (x86)\NVIDIA Corporation\PhysX\Common;C:\Program Files (x86)\Intel\Intel(R) Management Engine Components\DAL;C:\Program Files\Intel\Intel(R) Management Engine Components\DAL;C:\Program Files (x86)\Intel\Intel(R) Management Engine Components\IPT;C:\Program Files\Intel\Intel(R) Management Engine Components\IPT;D:\Programs\nvm\config;D:\Programs\nvm\program;D:\Programs\Yarn\bin\;D:\Work\OSPanel\modules\git\bin;C:\Users\d3-su\AppData\Local\Microsoft\WindowsApps;D:\Programs\nvm\config;D:\Programs\nvm\program;C:\Users\d3-su\AppData\Local\Yarn\bin;D:\Work\Programs\Android\Sdk\tools;D:\Work\Programs\Android\Sdk\platform-tools;D:\Programs\Microsoft VS Code\bin;D:\work\ospanel\modules\database\MySQL-8.0-x64\bin;

Yarn version: 
  1.17.3

Node version: 
  13.2.0

Platform: 
  win32 x64

Trace: 
  Error: canceled
      at Interface.<anonymous> (D:\Programs\Yarn\lib\cli.js:136724:13)
      at Interface.emit (events.js:210:5)
      at Interface._ttyWrite (readline.js:885:16)
      at ReadStream.onkeypress (readline.js:191:10)
      at ReadStream.emit (events.js:210:5)
      at emitKeys (internal/readline/utils.js:433:14)
      at emitKeys.next (<anonymous>)
      at ReadStream.onData (readline.js:1151:36)
      at ReadStream.emit (events.js:210:5)
      at addChunk (_stream_readable.js:326:12)

npm manifest: 
  No manifest

yarn manifest: 
  No manifest

Lockfile: 
  # THIS IS AN AUTOGENERATED FILE. DO NOT EDIT THIS FILE DIRECTLY.
  # yarn lockfile v1
